<?xml version="1.0" encoding="UTF-8"?>
<!-- Generated by org.testng.reporters.JUnitReportReporter -->
<testsuite hostname="admin-PC" failures="0" tests="1" name="com.testNg.in.RegisterClass" time="0.003" errors="0" timestamp="2024-08-04T20:46:20 IST" skipped="0">
  <testcase classname="com.testNg.in.RegisterClass" name="registerMethod" time="0.003"/>
  <system-out/>
</testsuite> <!-- com.testNg.in.RegisterClass -->
