<?xml version="1.0" encoding="UTF-8"?>
<!-- Generated by org.testng.reporters.JUnitReportReporter -->
<testsuite hostname="admin-PC" failures="0" tests="1" name="com.second.in.SecondTestNG" time="27.059" errors="0" timestamp="2024-08-04T20:29:04 IST" skipped="0">
  <testcase classname="com.second.in.SecondTestNG" name="enterDetails" time="27.059"/>
  <system-out/>
</testsuite> <!-- com.second.in.SecondTestNG -->
