<?xml version="1.0" encoding="UTF-8"?>
<!-- Generated by org.testng.reporters.JUnitReportReporter -->
<testsuite hostname="admin-PC" failures="0" tests="2" name="com.second.in.putPatchDeleteClass" time="6.113" errors="0" timestamp="2024-07-30T17:02:50 IST" skipped="0">
  <testcase classname="com.second.in.putPatchDeleteClass" name="putMethod" time="0.552"/>
  <system-out/>
  <testcase classname="com.second.in.putPatchDeleteClass" name="patchMethod" time="5.561"/>
  <system-out/>
</testsuite> <!-- com.second.in.putPatchDeleteClass -->
