<?xml version="1.0" encoding="UTF-8"?>
<!-- Generated by org.testng.reporters.JUnitReportReporter -->
<testsuite hostname="admin-PC" failures="0" tests="2" name="comApi.in.ApiClass" time="6.630" errors="0" timestamp="2024-07-29T23:53:05 IST" skipped="0">
  <testcase classname="comApi.in.ApiClass" name="getDataById" time="6.031"/>
  <system-out/>
  <testcase classname="comApi.in.ApiClass" name="testPost" time="0.599"/>
  <system-out/>
</testsuite> <!-- comApi.in.ApiClass -->
