<?xml version="1.0" encoding="UTF-8"?>
<!-- Generated by org.testng.reporters.JUnitReportReporter -->
<testsuite hostname="admin-PC" failures="0" tests="1" name="com.testNg.in.LandingPage" time="0.041" errors="0" timestamp="2024-08-04T23:29:21 IST" skipped="0">
  <testcase classname="com.testNg.in.LandingPage" name="landingMethod" time="0.041"/>
  <system-out/>
</testsuite> <!-- com.testNg.in.LandingPage -->
